Using pre-set license
Built from '2020.3/staging' branch; Version is '2020.3.9f1 (108be757e447) revision 1084391'; Using compiler version '192528614'; Build Type 'Release'
OS: 'Windows 10 Pro; OS build 19043.1165; Version 2009; 64bit' Language: 'en' Physical Memory: 16324 MB
BatchMode: 1, IsHumanControllingUs: 0, StartBugReporterOnCrash: 0, Is64bit: 1, IsPro: 0

 COMMAND LINE ARGUMENTS:
C:\Program Files\Unity\Hub\Editor\2020.3.9f1\Editor\Unity.exe
-adb2
-batchMode
-noUpm
-name
AssetImportWorker1
-projectPath
C:/Users/cam-c_000/Documents/GitHub/shootyshooty
-logFile
Logs/AssetImportWorker1.log
-srvPort
55585
Successfully changed project path to: C:/Users/cam-c_000/Documents/GitHub/shootyshooty
C:/Users/cam-c_000/Documents/GitHub/shootyshooty
Using Asset Import Pipeline V2.
Refreshing native plugins compatible for Editor in 36.63 ms, found 0 plugins.
Preloading 0 native plugins for Editor in 0.00 ms.
Initialize engine version: 2020.3.9f1 (108be757e447)
[Subsystems] Discovering subsystems at path C:/Program Files/Unity/Hub/Editor/2020.3.9f1/Editor/Data/Resources/UnitySubsystems
[Subsystems] Discovering subsystems at path C:/Users/cam-c_000/Documents/GitHub/shootyshooty/Assets
GfxDevice: creating device client; threaded=0
Direct3D:
    Version:  Direct3D 11.0 [level 11.1]
    Renderer: NVIDIA GeForce RTX 2070 (ID=0x1f02)
    Vendor:   
    VRAM:     8031 MB
    Driver:   27.21.14.5655
Initialize mono
Mono path[0] = 'C:/Program Files/Unity/Hub/Editor/2020.3.9f1/Editor/Data/Managed'
Mono path[1] = 'C:/Program Files/Unity/Hub/Editor/2020.3.9f1/Editor/Data/MonoBleedingEdge/lib/mono/unityjit'
Mono config path = 'C:/Program Files/Unity/Hub/Editor/2020.3.9f1/Editor/Data/MonoBleedingEdge/etc'
Using monoOptions --debugger-agent=transport=dt_socket,embedding=1,server=y,suspend=n,address=127.0.0.1:56392
Begin MonoManager ReloadAssembly
Registering precompiled unity dll's ...
Register platform support module: C:/Program Files/Unity/Hub/Editor/2020.3.9f1/Editor/Data/PlaybackEngines/WindowsStandaloneSupport/UnityEditor.WindowsStandalone.Extensions.dll
Registered in 0.001829 seconds.
Native extension for WindowsStandalone target not found
Refreshing native plugins compatible for Editor in 36.20 ms, found 0 plugins.
Preloading 0 native plugins for Editor in 0.00 ms.
Mono: successfully reloaded assembly
- Completed reload, in  0.957 seconds
Platform modules already initialized, skipping
Registering precompiled user dll's ...
Registered in 0.001289 seconds.
Begin MonoManager ReloadAssembly
Native extension for WindowsStandalone target not found
Refreshing native plugins compatible for Editor in 38.13 ms, found 0 plugins.
Preloading 0 native plugins for Editor in 0.00 ms.
Mono: successfully reloaded assembly
- Completed reload, in  0.845 seconds
Platform modules already initialized, skipping
========================================================================
Worker process is ready to serve import requests
Shader 'Universal Render Pipeline/Particles/Lit': fallback shader 'Universal Render Pipeline/Particles/SimpleLit' not found
Shader 'Universal Render Pipeline/Particles/Lit': fallback shader 'Universal Render Pipeline/Particles/SimpleLit' not found
Launched and connected shader compiler UnityShaderCompiler.exe after 0.05 seconds
Refreshing native plugins compatible for Editor in 0.35 ms, found 0 plugins.
Preloading 0 native plugins for Editor in 0.00 ms.
Unloading 2423 Unused Serialized files (Serialized files now loaded: 0)
System memory in use before: 113.5 MB.
System memory in use after: 110.7 MB.

Unloading 45 unused Assets to reduce memory usage. Loaded Objects now: 2829.
Total: 3.250100 ms (FindLiveObjects: 0.234300 ms CreateObjectMapping: 0.095600 ms MarkObjects: 1.785400 ms  DeleteObjects: 1.134000 ms)

========================================================================
Received Import Request.
  path: Assets/Assets/Materials/Blue.mat
  artifactKey: Guid(f90d00692030b214c8c99a74054a32cd) Importer(815301076,1909f56bfc062723c751e8b465ee728b)
Start importing Assets/Assets/Materials/Blue.mat using Guid(f90d00692030b214c8c99a74054a32cd) Importer(815301076,1909f56bfc062723c751e8b465ee728b)  -> (artifact id: 'cdce6d159d40b07073f8ab138224e6cd') in 0.190833 seconds
  Import took 0.194716 seconds .

========================================================================
Received Import Request.
  Time since last request: 11.431152 seconds.
  path: Assets/Assets/Materials/Orange.mat
  artifactKey: Guid(a3e95776c55e1a8419457e1e4fdc231f) Importer(815301076,1909f56bfc062723c751e8b465ee728b)
Start importing Assets/Assets/Materials/Orange.mat using Guid(a3e95776c55e1a8419457e1e4fdc231f) Importer(815301076,1909f56bfc062723c751e8b465ee728b)  -> (artifact id: '918404a22e6118d46d6c0d2a1e47d07e') in 0.006828 seconds
  Import took 0.010227 seconds .

========================================================================
Received Import Request.
  Time since last request: 45.316520 seconds.
  path: Assets/Assets/Materials/Orange.mat
  artifactKey: Guid(a3e95776c55e1a8419457e1e4fdc231f) Importer(815301076,1909f56bfc062723c751e8b465ee728b)
Start importing Assets/Assets/Materials/Orange.mat using Guid(a3e95776c55e1a8419457e1e4fdc231f) Importer(815301076,1909f56bfc062723c751e8b465ee728b)  -> (artifact id: 'e092d0af2d285cd70a532e8632bc3b73') in 0.007873 seconds
  Import took 0.011343 seconds .

========================================================================
Received Import Request.
  Time since last request: 16.978782 seconds.
  path: Assets/Assets/Prefabs
  artifactKey: Guid(75db59f020dfc104fb7813d307ac8869) Importer(815301076,1909f56bfc062723c751e8b465ee728b)
Start importing Assets/Assets/Prefabs using Guid(75db59f020dfc104fb7813d307ac8869) Importer(815301076,1909f56bfc062723c751e8b465ee728b)  -> (artifact id: '6d246f2160e7e68da270c1a89dc1a780') in 0.001295 seconds
  Import took 0.004319 seconds .

========================================================================
Received Import Request.
  Time since last request: 2.723287 seconds.
  path: Assets/Assets/Prefabs/Bullet.prefab
  artifactKey: Guid(26fbca5e35c66fe44b0af7b00417bf0b) Importer(815301076,1909f56bfc062723c751e8b465ee728b)
Start importing Assets/Assets/Prefabs/Bullet.prefab using Guid(26fbca5e35c66fe44b0af7b00417bf0b) Importer(815301076,1909f56bfc062723c751e8b465ee728b)  -> (artifact id: 'b94bf3195d165881f5c49adb04f5b730') in 0.018655 seconds
  Import took 0.022099 seconds .

========================================================================
Received Import Request.
  Time since last request: 0.023919 seconds.
  path: Assets/Assets/Prefabs/Bullet.prefab
  artifactKey: Guid(26fbca5e35c66fe44b0af7b00417bf0b) Importer(815301076,1909f56bfc062723c751e8b465ee728b)
Start importing Assets/Assets/Prefabs/Bullet.prefab using Guid(26fbca5e35c66fe44b0af7b00417bf0b) Importer(815301076,1909f56bfc062723c751e8b465ee728b)  -> (artifact id: 'b94bf3195d165881f5c49adb04f5b730') in 0.006177 seconds
  Import took 0.009310 seconds .

========================================================================
Received Import Request.
  Time since last request: 29.423923 seconds.
  path: ProjectSettings/TagManager.asset
  artifactKey: Guid(00000000000000003000000000000000) Importer(815301076,1909f56bfc062723c751e8b465ee728b)
Start importing ProjectSettings/TagManager.asset using Guid(00000000000000003000000000000000) Importer(815301076,1909f56bfc062723c751e8b465ee728b)  -> (artifact id: 'd67ff6469c4e57d418f38e6c5e16f925') in 0.003454 seconds
  Import took 0.006414 seconds .

========================================================================
Received Import Request.
  Time since last request: 0.002288 seconds.
  path: ProjectSettings/TagManager.asset
  artifactKey: Guid(00000000000000003000000000000000) Importer(815301076,1909f56bfc062723c751e8b465ee728b)
Start importing ProjectSettings/TagManager.asset using Guid(00000000000000003000000000000000) Importer(815301076,1909f56bfc062723c751e8b465ee728b)  -> (artifact id: 'd67ff6469c4e57d418f38e6c5e16f925') in 0.002684 seconds
  Import took 0.005947 seconds .

========================================================================
Received Import Request.
  Time since last request: 7.685546 seconds.
  path: Assets/Assets/Prefabs/Bullet.prefab
  artifactKey: Guid(26fbca5e35c66fe44b0af7b00417bf0b) Importer(815301076,1909f56bfc062723c751e8b465ee728b)
Start importing Assets/Assets/Prefabs/Bullet.prefab using Guid(26fbca5e35c66fe44b0af7b00417bf0b) Importer(815301076,1909f56bfc062723c751e8b465ee728b)  -> (artifact id: '94ac954470c8879b529a2f86463fd292') in 0.006679 seconds
  Import took 0.010085 seconds .

========================================================================
Received Prepare
Registering precompiled user dll's ...
Registered in 0.001421 seconds.
Begin MonoManager ReloadAssembly
Native extension for WindowsStandalone target not found
Refreshing native plugins compatible for Editor in 0.35 ms, found 0 plugins.
Preloading 0 native plugins for Editor in 0.00 ms.
Mono: successfully reloaded assembly
- Completed reload, in  0.842 seconds
Platform modules already initialized, skipping
Shader 'Universal Render Pipeline/Particles/Lit': fallback shader 'Universal Render Pipeline/Particles/SimpleLit' not found
Shader 'Universal Render Pipeline/Particles/Lit': fallback shader 'Universal Render Pipeline/Particles/SimpleLit' not found
Refreshing native plugins compatible for Editor in 0.36 ms, found 0 plugins.
Preloading 0 native plugins for Editor in 0.00 ms.
Unloading 2348 Unused Serialized files (Serialized files now loaded: 0)
System memory in use before: 115.5 MB.
System memory in use after: 112.7 MB.

Unloading 42 unused Assets to reduce memory usage. Loaded Objects now: 2911.
Total: 3.003300 ms (FindLiveObjects: 0.229900 ms CreateObjectMapping: 0.098500 ms MarkObjects: 1.576000 ms  DeleteObjects: 1.098000 ms)

========================================================================
Received Prepare
Registering precompiled user dll's ...
Registered in 0.001240 seconds.
Begin MonoManager ReloadAssembly
Native extension for WindowsStandalone target not found
Refreshing native plugins compatible for Editor in 0.34 ms, found 0 plugins.
Preloading 0 native plugins for Editor in 0.00 ms.
Mono: successfully reloaded assembly
- Completed reload, in  0.799 seconds
Platform modules already initialized, skipping
Shader 'Universal Render Pipeline/Particles/Lit': fallback shader 'Universal Render Pipeline/Particles/SimpleLit' not found
Shader 'Universal Render Pipeline/Particles/Lit': fallback shader 'Universal Render Pipeline/Particles/SimpleLit' not found
Refreshing native plugins compatible for Editor in 0.42 ms, found 0 plugins.
Preloading 0 native plugins for Editor in 0.00 ms.
Unloading 2348 Unused Serialized files (Serialized files now loaded: 0)
System memory in use before: 115.5 MB.
System memory in use after: 112.8 MB.

Unloading 40 unused Assets to reduce memory usage. Loaded Objects now: 2914.
Total: 3.469300 ms (FindLiveObjects: 0.210500 ms CreateObjectMapping: 0.075200 ms MarkObjects: 1.892400 ms  DeleteObjects: 1.289700 ms)

========================================================================
Received Prepare
Registering precompiled user dll's ...
Registered in 0.001186 seconds.
Begin MonoManager ReloadAssembly
Native extension for WindowsStandalone target not found
Refreshing native plugins compatible for Editor in 0.37 ms, found 0 plugins.
Preloading 0 native plugins for Editor in 0.00 ms.
Mono: successfully reloaded assembly
- Completed reload, in  0.849 seconds
Platform modules already initialized, skipping
Shader 'Universal Render Pipeline/Particles/Lit': fallback shader 'Universal Render Pipeline/Particles/SimpleLit' not found
Shader 'Universal Render Pipeline/Particles/Lit': fallback shader 'Universal Render Pipeline/Particles/SimpleLit' not found
Refreshing native plugins compatible for Editor in 0.36 ms, found 0 plugins.
Preloading 0 native plugins for Editor in 0.00 ms.
Unloading 2348 Unused Serialized files (Serialized files now loaded: 0)
System memory in use before: 115.6 MB.
System memory in use after: 112.8 MB.

Unloading 40 unused Assets to reduce memory usage. Loaded Objects now: 2917.
Total: 3.196600 ms (FindLiveObjects: 0.219600 ms CreateObjectMapping: 0.091300 ms MarkObjects: 1.609000 ms  DeleteObjects: 1.275500 ms)

========================================================================
Received Prepare
Registering precompiled user dll's ...
Registered in 0.001129 seconds.
Begin MonoManager ReloadAssembly
Native extension for WindowsStandalone target not found
Refreshing native plugins compatible for Editor in 0.34 ms, found 0 plugins.
Preloading 0 native plugins for Editor in 0.00 ms.
Mono: successfully reloaded assembly
- Completed reload, in  0.772 seconds
Platform modules already initialized, skipping
Shader 'Universal Render Pipeline/Particles/Lit': fallback shader 'Universal Render Pipeline/Particles/SimpleLit' not found
Shader 'Universal Render Pipeline/Particles/Lit': fallback shader 'Universal Render Pipeline/Particles/SimpleLit' not found
Refreshing native plugins compatible for Editor in 0.35 ms, found 0 plugins.
Preloading 0 native plugins for Editor in 0.00 ms.
Unloading 2348 Unused Serialized files (Serialized files now loaded: 0)
System memory in use before: 115.6 MB.
System memory in use after: 112.8 MB.

Unloading 40 unused Assets to reduce memory usage. Loaded Objects now: 2920.
Total: 3.375600 ms (FindLiveObjects: 0.204500 ms CreateObjectMapping: 0.077500 ms MarkObjects: 1.829100 ms  DeleteObjects: 1.263800 ms)

========================================================================
Received Prepare
Registering precompiled user dll's ...
Registered in 0.001191 seconds.
Begin MonoManager ReloadAssembly
Native extension for WindowsStandalone target not found
Refreshing native plugins compatible for Editor in 0.35 ms, found 0 plugins.
Preloading 0 native plugins for Editor in 0.00 ms.
Mono: successfully reloaded assembly
- Completed reload, in  0.784 seconds
Platform modules already initialized, skipping
Shader 'Universal Render Pipeline/Particles/Lit': fallback shader 'Universal Render Pipeline/Particles/SimpleLit' not found
Shader 'Universal Render Pipeline/Particles/Lit': fallback shader 'Universal Render Pipeline/Particles/SimpleLit' not found
Refreshing native plugins compatible for Editor in 0.35 ms, found 0 plugins.
Preloading 0 native plugins for Editor in 0.00 ms.
Unloading 2348 Unused Serialized files (Serialized files now loaded: 0)
System memory in use before: 115.4 MB.
System memory in use after: 112.7 MB.

Unloading 40 unused Assets to reduce memory usage. Loaded Objects now: 2923.
Total: 3.040000 ms (FindLiveObjects: 0.200800 ms CreateObjectMapping: 0.083700 ms MarkObjects: 1.507100 ms  DeleteObjects: 1.247700 ms)

========================================================================
Received Prepare
Registering precompiled user dll's ...
Registered in 0.001187 seconds.
Begin MonoManager ReloadAssembly
Native extension for WindowsStandalone target not found
Refreshing native plugins compatible for Editor in 0.36 ms, found 0 plugins.
Preloading 0 native plugins for Editor in 0.00 ms.
Mono: successfully reloaded assembly
- Completed reload, in  0.777 seconds
Platform modules already initialized, skipping
Shader 'Universal Render Pipeline/Particles/Lit': fallback shader 'Universal Render Pipeline/Particles/SimpleLit' not found
Shader 'Universal Render Pipeline/Particles/Lit': fallback shader 'Universal Render Pipeline/Particles/SimpleLit' not found
Refreshing native plugins compatible for Editor in 0.37 ms, found 0 plugins.
Preloading 0 native plugins for Editor in 0.00 ms.
Unloading 2348 Unused Serialized files (Serialized files now loaded: 0)
System memory in use before: 115.5 MB.
System memory in use after: 112.8 MB.

Unloading 40 unused Assets to reduce memory usage. Loaded Objects now: 2926.
Total: 3.545200 ms (FindLiveObjects: 0.250500 ms CreateObjectMapping: 0.090600 ms MarkObjects: 1.892400 ms  DeleteObjects: 1.310900 ms)

========================================================================
Received Prepare
Registering precompiled user dll's ...
Registered in 0.001162 seconds.
Begin MonoManager ReloadAssembly
Native extension for WindowsStandalone target not found
Refreshing native plugins compatible for Editor in 0.36 ms, found 0 plugins.
Preloading 0 native plugins for Editor in 0.00 ms.
Mono: successfully reloaded assembly
- Completed reload, in  0.782 seconds
Platform modules already initialized, skipping
Shader 'Universal Render Pipeline/Particles/Lit': fallback shader 'Universal Render Pipeline/Particles/SimpleLit' not found
Shader 'Universal Render Pipeline/Particles/Lit': fallback shader 'Universal Render Pipeline/Particles/SimpleLit' not found
Refreshing native plugins compatible for Editor in 0.35 ms, found 0 plugins.
Preloading 0 native plugins for Editor in 0.00 ms.
Unloading 2348 Unused Serialized files (Serialized files now loaded: 0)
System memory in use before: 115.5 MB.
System memory in use after: 112.8 MB.

Unloading 40 unused Assets to reduce memory usage. Loaded Objects now: 2929.
Total: 3.771200 ms (FindLiveObjects: 0.223300 ms CreateObjectMapping: 0.073300 ms MarkObjects: 2.222200 ms  DeleteObjects: 1.251500 ms)

========================================================================
Received Prepare
Registering precompiled user dll's ...
Registered in 0.001180 seconds.
Begin MonoManager ReloadAssembly
Native extension for WindowsStandalone target not found
Refreshing native plugins compatible for Editor in 0.38 ms, found 0 plugins.
Preloading 0 native plugins for Editor in 0.00 ms.
Mono: successfully reloaded assembly
- Completed reload, in  0.797 seconds
Platform modules already initialized, skipping
Shader 'Universal Render Pipeline/Particles/Lit': fallback shader 'Universal Render Pipeline/Particles/SimpleLit' not found
Shader 'Universal Render Pipeline/Particles/Lit': fallback shader 'Universal Render Pipeline/Particles/SimpleLit' not found
Refreshing native plugins compatible for Editor in 0.37 ms, found 0 plugins.
Preloading 0 native plugins for Editor in 0.00 ms.
Unloading 2348 Unused Serialized files (Serialized files now loaded: 0)
System memory in use before: 115.6 MB.
System memory in use after: 112.8 MB.

Unloading 40 unused Assets to reduce memory usage. Loaded Objects now: 2932.
Total: 3.260000 ms (FindLiveObjects: 0.273800 ms CreateObjectMapping: 0.129500 ms MarkObjects: 1.593600 ms  DeleteObjects: 1.262300 ms)

========================================================================
Received Prepare
Registering precompiled user dll's ...
Registered in 0.001214 seconds.
Begin MonoManager ReloadAssembly
Native extension for WindowsStandalone target not found
Refreshing native plugins compatible for Editor in 0.35 ms, found 0 plugins.
Preloading 0 native plugins for Editor in 0.00 ms.
Mono: successfully reloaded assembly
- Completed reload, in  0.784 seconds
Platform modules already initialized, skipping
Shader 'Universal Render Pipeline/Particles/Lit': fallback shader 'Universal Render Pipeline/Particles/SimpleLit' not found
Shader 'Universal Render Pipeline/Particles/Lit': fallback shader 'Universal Render Pipeline/Particles/SimpleLit' not found
Refreshing native plugins compatible for Editor in 0.36 ms, found 0 plugins.
Preloading 0 native plugins for Editor in 0.00 ms.
Unloading 2348 Unused Serialized files (Serialized files now loaded: 0)
System memory in use before: 115.6 MB.
System memory in use after: 112.8 MB.

Unloading 40 unused Assets to reduce memory usage. Loaded Objects now: 2935.
Total: 3.197200 ms (FindLiveObjects: 0.213100 ms CreateObjectMapping: 0.086800 ms MarkObjects: 1.642200 ms  DeleteObjects: 1.254300 ms)

========================================================================
Received Prepare
Registering precompiled user dll's ...
Registered in 0.001151 seconds.
Begin MonoManager ReloadAssembly
Native extension for WindowsStandalone target not found
Refreshing native plugins compatible for Editor in 0.34 ms, found 0 plugins.
Preloading 0 native plugins for Editor in 0.00 ms.
Mono: successfully reloaded assembly
- Completed reload, in  0.777 seconds
Platform modules already initialized, skipping
Shader 'Universal Render Pipeline/Particles/Lit': fallback shader 'Universal Render Pipeline/Particles/SimpleLit' not found
Shader 'Universal Render Pipeline/Particles/Lit': fallback shader 'Universal Render Pipeline/Particles/SimpleLit' not found
Refreshing native plugins compatible for Editor in 0.38 ms, found 0 plugins.
Preloading 0 native plugins for Editor in 0.00 ms.
Unloading 2348 Unused Serialized files (Serialized files now loaded: 0)
System memory in use before: 115.5 MB.
System memory in use after: 112.8 MB.

Unloading 40 unused Assets to reduce memory usage. Loaded Objects now: 2938.
Total: 3.295800 ms (FindLiveObjects: 0.217100 ms CreateObjectMapping: 0.089100 ms MarkObjects: 1.698600 ms  DeleteObjects: 1.290100 ms)

========================================================================
Received Import Request.
  Time since last request: 2436.943054 seconds.
  path: Assets/Assets/Materials/Red.mat
  artifactKey: Guid(5046e111fa537544fa2bbdfe1866c5d5) Importer(815301076,1909f56bfc062723c751e8b465ee728b)
Start importing Assets/Assets/Materials/Red.mat using Guid(5046e111fa537544fa2bbdfe1866c5d5) Importer(815301076,1909f56bfc062723c751e8b465ee728b)  -> (artifact id: '4aee94c689f390fea65fd478468b7a69') in 0.167768 seconds
  Import took 0.171779 seconds .

========================================================================
Received Import Request.
  Time since last request: 90.540400 seconds.
  path: Assets/Assets/Scripts/EnemyAI.cs
  artifactKey: Guid(db6ed583c649ec447823166f0cfa18c7) Importer(815301076,1909f56bfc062723c751e8b465ee728b)
Start importing Assets/Assets/Scripts/EnemyAI.cs using Guid(db6ed583c649ec447823166f0cfa18c7) Importer(815301076,1909f56bfc062723c751e8b465ee728b)  -> (artifact id: '9953e5008f96e311b146e8cc0691e183') in 0.008147 seconds
  Import took 0.012243 seconds .

========================================================================
Received Prepare
Registering precompiled user dll's ...
Registered in 0.001128 seconds.
Begin MonoManager ReloadAssembly
Native extension for WindowsStandalone target not found
Refreshing native plugins compatible for Editor in 0.36 ms, found 0 plugins.
Preloading 0 native plugins for Editor in 0.00 ms.
Mono: successfully reloaded assembly
- Completed reload, in  0.805 seconds
Platform modules already initialized, skipping
Shader 'Universal Render Pipeline/Particles/Lit': fallback shader 'Universal Render Pipeline/Particles/SimpleLit' not found
Shader 'Universal Render Pipeline/Particles/Lit': fallback shader 'Universal Render Pipeline/Particles/SimpleLit' not found
Refreshing native plugins compatible for Editor in 0.38 ms, found 0 plugins.
Preloading 0 native plugins for Editor in 0.00 ms.
Unloading 2349 Unused Serialized files (Serialized files now loaded: 0)
System memory in use before: 115.7 MB.
System memory in use after: 113.0 MB.

Unloading 40 unused Assets to reduce memory usage. Loaded Objects now: 2978.
Total: 3.456300 ms (FindLiveObjects: 0.227400 ms CreateObjectMapping: 0.071200 ms MarkObjects: 1.740900 ms  DeleteObjects: 1.415900 ms)

========================================================================
Received Prepare
Registering precompiled user dll's ...
Registered in 0.001240 seconds.
Begin MonoManager ReloadAssembly
Native extension for WindowsStandalone target not found
Refreshing native plugins compatible for Editor in 0.37 ms, found 0 plugins.
Preloading 0 native plugins for Editor in 0.00 ms.
Mono: successfully reloaded assembly
- Completed reload, in  0.792 seconds
Platform modules already initialized, skipping
Shader 'Universal Render Pipeline/Particles/Lit': fallback shader 'Universal Render Pipeline/Particles/SimpleLit' not found
Shader 'Universal Render Pipeline/Particles/Lit': fallback shader 'Universal Render Pipeline/Particles/SimpleLit' not found
Refreshing native plugins compatible for Editor in 0.36 ms, found 0 plugins.
Preloading 0 native plugins for Editor in 0.00 ms.
Unloading 2349 Unused Serialized files (Serialized files now loaded: 0)
System memory in use before: 115.8 MB.
System memory in use after: 113.0 MB.

Unloading 40 unused Assets to reduce memory usage. Loaded Objects now: 2981.
Total: 3.081300 ms (FindLiveObjects: 0.208400 ms CreateObjectMapping: 0.084500 ms MarkObjects: 1.555600 ms  DeleteObjects: 1.232200 ms)

========================================================================
Received Import Request.
  Time since last request: 454.142337 seconds.
  path: Assets/Assets/Scripts/EnemyAI.cs
  artifactKey: Guid(db6ed583c649ec447823166f0cfa18c7) Importer(815301076,1909f56bfc062723c751e8b465ee728b)
Start importing Assets/Assets/Scripts/EnemyAI.cs using Guid(db6ed583c649ec447823166f0cfa18c7) Importer(815301076,1909f56bfc062723c751e8b465ee728b)  -> (artifact id: '5403a87b365ebdcac76c16fff8c2dca5') in 0.003651 seconds
  Import took 0.006982 seconds .

========================================================================
Received Import Request.
  Time since last request: 80.457049 seconds.
  path: ProjectSettings/TagManager.asset
  artifactKey: Guid(00000000000000003000000000000000) Importer(815301076,1909f56bfc062723c751e8b465ee728b)
Start importing ProjectSettings/TagManager.asset using Guid(00000000000000003000000000000000) Importer(815301076,1909f56bfc062723c751e8b465ee728b)  -> (artifact id: 'f2be0a83fb5f6b4de066d1eb64e6e990') in 0.013615 seconds
  Import took 0.017257 seconds .

========================================================================
Received Import Request.
  Time since last request: 14.658777 seconds.
  path: Assets/Assets/Prefabs/Bullet.prefab
  artifactKey: Guid(26fbca5e35c66fe44b0af7b00417bf0b) Importer(815301076,1909f56bfc062723c751e8b465ee728b)
Start importing Assets/Assets/Prefabs/Bullet.prefab using Guid(26fbca5e35c66fe44b0af7b00417bf0b) Importer(815301076,1909f56bfc062723c751e8b465ee728b)  -> (artifact id: '141586975c0fca81e609d0ed6be01eed') in 0.135692 seconds
  Import took 0.138944 seconds .

========================================================================
Received Prepare
Registering precompiled user dll's ...
Registered in 0.001347 seconds.
Begin MonoManager ReloadAssembly
Native extension for WindowsStandalone target not found
Refreshing native plugins compatible for Editor in 0.35 ms, found 0 plugins.
Preloading 0 native plugins for Editor in 0.00 ms.
Mono: successfully reloaded assembly
- Completed reload, in  0.849 seconds
Platform modules already initialized, skipping
Shader 'Universal Render Pipeline/Particles/Lit': fallback shader 'Universal Render Pipeline/Particles/SimpleLit' not found
Shader 'Universal Render Pipeline/Particles/Lit': fallback shader 'Universal Render Pipeline/Particles/SimpleLit' not found
Refreshing native plugins compatible for Editor in 0.38 ms, found 0 plugins.
Preloading 0 native plugins for Editor in 0.00 ms.
Unloading 2349 Unused Serialized files (Serialized files now loaded: 0)
System memory in use before: 115.9 MB.
System memory in use after: 113.1 MB.

Unloading 41 unused Assets to reduce memory usage. Loaded Objects now: 3020.
Total: 3.604700 ms (FindLiveObjects: 0.230700 ms CreateObjectMapping: 0.070400 ms MarkObjects: 1.746500 ms  DeleteObjects: 1.556300 ms)

========================================================================
Received Prepare
Registering precompiled user dll's ...
Registered in 0.001166 seconds.
Begin MonoManager ReloadAssembly
Native extension for WindowsStandalone target not found
Refreshing native plugins compatible for Editor in 0.35 ms, found 0 plugins.
Preloading 0 native plugins for Editor in 0.00 ms.
Mono: successfully reloaded assembly
- Completed reload, in  0.811 seconds
Platform modules already initialized, skipping
Shader 'Universal Render Pipeline/Particles/Lit': fallback shader 'Universal Render Pipeline/Particles/SimpleLit' not found
Shader 'Universal Render Pipeline/Particles/Lit': fallback shader 'Universal Render Pipeline/Particles/SimpleLit' not found
Refreshing native plugins compatible for Editor in 0.36 ms, found 0 plugins.
Preloading 0 native plugins for Editor in 0.00 ms.
Unloading 2349 Unused Serialized files (Serialized files now loaded: 0)
System memory in use before: 115.9 MB.
System memory in use after: 113.1 MB.

Unloading 40 unused Assets to reduce memory usage. Loaded Objects now: 3023.
Total: 3.357700 ms (FindLiveObjects: 0.219500 ms CreateObjectMapping: 0.074000 ms MarkObjects: 1.758900 ms  DeleteObjects: 1.304100 ms)

========================================================================
Received Prepare
Registering precompiled user dll's ...
Registered in 0.001187 seconds.
Begin MonoManager ReloadAssembly
Native extension for WindowsStandalone target not found
Refreshing native plugins compatible for Editor in 0.35 ms, found 0 plugins.
Preloading 0 native plugins for Editor in 0.00 ms.
Mono: successfully reloaded assembly
- Completed reload, in  0.817 seconds
Platform modules already initialized, skipping
Shader 'Universal Render Pipeline/Particles/Lit': fallback shader 'Universal Render Pipeline/Particles/SimpleLit' not found
Shader 'Universal Render Pipeline/Particles/Lit': fallback shader 'Universal Render Pipeline/Particles/SimpleLit' not found
Refreshing native plugins compatible for Editor in 0.36 ms, found 0 plugins.
Preloading 0 native plugins for Editor in 0.00 ms.
Unloading 2349 Unused Serialized files (Serialized files now loaded: 0)
System memory in use before: 115.8 MB.
System memory in use after: 113.1 MB.

Unloading 40 unused Assets to reduce memory usage. Loaded Objects now: 3026.
Total: 3.194800 ms (FindLiveObjects: 0.239900 ms CreateObjectMapping: 0.108900 ms MarkObjects: 1.519500 ms  DeleteObjects: 1.325600 ms)

========================================================================
Received Prepare
Registering precompiled user dll's ...
Registered in 0.001190 seconds.
Begin MonoManager ReloadAssembly
Native extension for WindowsStandalone target not found
Refreshing native plugins compatible for Editor in 0.36 ms, found 0 plugins.
Preloading 0 native plugins for Editor in 0.00 ms.
Mono: successfully reloaded assembly
- Completed reload, in  0.803 seconds
Platform modules already initialized, skipping
Shader 'Universal Render Pipeline/Particles/Lit': fallback shader 'Universal Render Pipeline/Particles/SimpleLit' not found
Shader 'Universal Render Pipeline/Particles/Lit': fallback shader 'Universal Render Pipeline/Particles/SimpleLit' not found
Refreshing native plugins compatible for Editor in 0.40 ms, found 0 plugins.
Preloading 0 native plugins for Editor in 0.00 ms.
Unloading 2349 Unused Serialized files (Serialized files now loaded: 0)
System memory in use before: 115.9 MB.
System memory in use after: 113.2 MB.

Unloading 40 unused Assets to reduce memory usage. Loaded Objects now: 3029.
Total: 3.626600 ms (FindLiveObjects: 0.237500 ms CreateObjectMapping: 0.075900 ms MarkObjects: 1.821200 ms  DeleteObjects: 1.491100 ms)

========================================================================
Received Import Request.
  Time since last request: 585.072743 seconds.
  path: Assets/Assets/Prefabs/Enemy.prefab
  artifactKey: Guid(db467d887fb247446b0403d887a4f653) Importer(815301076,1909f56bfc062723c751e8b465ee728b)
Start importing Assets/Assets/Prefabs/Enemy.prefab using Guid(db467d887fb247446b0403d887a4f653) Importer(815301076,1909f56bfc062723c751e8b465ee728b)  -> (artifact id: 'fe7fcc62799f5bd4430c4059abfd5d57') in 0.144924 seconds
  Import took 0.148420 seconds .

========================================================================
Received Import Request.
  Time since last request: 8.072320 seconds.
  path: ProjectSettings/TagManager.asset
  artifactKey: Guid(00000000000000003000000000000000) Importer(815301076,1909f56bfc062723c751e8b465ee728b)
Start importing ProjectSettings/TagManager.asset using Guid(00000000000000003000000000000000) Importer(815301076,1909f56bfc062723c751e8b465ee728b)  -> (artifact id: '5948281dd6bdeb08ca43e9c3040b224c') in 0.001995 seconds
  Import took 0.004986 seconds .

========================================================================
Received Import Request.
  Time since last request: 0.004173 seconds.
  path: ProjectSettings/TagManager.asset
  artifactKey: Guid(00000000000000003000000000000000) Importer(815301076,1909f56bfc062723c751e8b465ee728b)
Start importing ProjectSettings/TagManager.asset using Guid(00000000000000003000000000000000) Importer(815301076,1909f56bfc062723c751e8b465ee728b)  -> (artifact id: '5948281dd6bdeb08ca43e9c3040b224c') in 0.002002 seconds
  Import took 0.005395 seconds .

========================================================================
Received Import Request.
  Time since last request: 16.973847 seconds.
  path: Assets/Assets/Prefabs/Enemy.prefab
  artifactKey: Guid(db467d887fb247446b0403d887a4f653) Importer(815301076,1909f56bfc062723c751e8b465ee728b)
Start importing Assets/Assets/Prefabs/Enemy.prefab using Guid(db467d887fb247446b0403d887a4f653) Importer(815301076,1909f56bfc062723c751e8b465ee728b)  -> (artifact id: '8bafd91ccdb56bf18b874a93165c8479') in 0.006820 seconds
  Import took 0.010534 seconds .

========================================================================
Received Import Request.
  Time since last request: 37.180570 seconds.
  path: Assets/Assets/Scripts/EnemySpawner.cs
  artifactKey: Guid(618806a4dfda07f459e6aefd1a78044f) Importer(815301076,1909f56bfc062723c751e8b465ee728b)
Start importing Assets/Assets/Scripts/EnemySpawner.cs using Guid(618806a4dfda07f459e6aefd1a78044f) Importer(815301076,1909f56bfc062723c751e8b465ee728b)  -> (artifact id: 'c4ce718fb704ff5c3e49270200e1b8a9') in 0.001633 seconds
  Import took 0.005603 seconds .

========================================================================
Received Prepare
Registering precompiled user dll's ...
Registered in 0.001175 seconds.
Begin MonoManager ReloadAssembly
Native extension for WindowsStandalone target not found
Refreshing native plugins compatible for Editor in 0.39 ms, found 0 plugins.
Preloading 0 native plugins for Editor in 0.00 ms.
Mono: successfully reloaded assembly
- Completed reload, in  0.784 seconds
Platform modules already initialized, skipping
Shader 'Universal Render Pipeline/Particles/Lit': fallback shader 'Universal Render Pipeline/Particles/SimpleLit' not found
Shader 'Universal Render Pipeline/Particles/Lit': fallback shader 'Universal Render Pipeline/Particles/SimpleLit' not found
Refreshing native plugins compatible for Editor in 0.37 ms, found 0 plugins.
Preloading 0 native plugins for Editor in 0.00 ms.
Unloading 2350 Unused Serialized files (Serialized files now loaded: 0)
System memory in use before: 116.1 MB.
System memory in use after: 113.3 MB.

Unloading 42 unused Assets to reduce memory usage. Loaded Objects now: 3069.
Total: 3.529700 ms (FindLiveObjects: 0.244500 ms CreateObjectMapping: 0.093000 ms MarkObjects: 1.876900 ms  DeleteObjects: 1.314500 ms)

========================================================================
Received Prepare
Registering precompiled user dll's ...
Registered in 0.001173 seconds.
Begin MonoManager ReloadAssembly
Native extension for WindowsStandalone target not found
Refreshing native plugins compatible for Editor in 0.40 ms, found 0 plugins.
Preloading 0 native plugins for Editor in 0.00 ms.
Mono: successfully reloaded assembly
- Completed reload, in  0.823 seconds
Platform modules already initialized, skipping
Shader 'Universal Render Pipeline/Particles/Lit': fallback shader 'Universal Render Pipeline/Particles/SimpleLit' not found
Shader 'Universal Render Pipeline/Particles/Lit': fallback shader 'Universal Render Pipeline/Particles/SimpleLit' not found
Refreshing native plugins compatible for Editor in 0.36 ms, found 0 plugins.
Preloading 0 native plugins for Editor in 0.00 ms.
Unloading 2350 Unused Serialized files (Serialized files now loaded: 0)
System memory in use before: 116.1 MB.
System memory in use after: 113.3 MB.

Unloading 40 unused Assets to reduce memory usage. Loaded Objects now: 3072.
Total: 3.447100 ms (FindLiveObjects: 0.257300 ms CreateObjectMapping: 0.101400 ms MarkObjects: 1.795700 ms  DeleteObjects: 1.291800 ms)

========================================================================
Received Prepare
Registering precompiled user dll's ...
Registered in 0.001253 seconds.
Begin MonoManager ReloadAssembly
Native extension for WindowsStandalone target not found
Refreshing native plugins compatible for Editor in 0.34 ms, found 0 plugins.
Preloading 0 native plugins for Editor in 0.00 ms.
Mono: successfully reloaded assembly
- Completed reload, in  0.771 seconds
Platform modules already initialized, skipping
Shader 'Universal Render Pipeline/Particles/Lit': fallback shader 'Universal Render Pipeline/Particles/SimpleLit' not found
Shader 'Universal Render Pipeline/Particles/Lit': fallback shader 'Universal Render Pipeline/Particles/SimpleLit' not found
Refreshing native plugins compatible for Editor in 0.34 ms, found 0 plugins.
Preloading 0 native plugins for Editor in 0.00 ms.
Unloading 2350 Unused Serialized files (Serialized files now loaded: 0)
System memory in use before: 116.0 MB.
System memory in use after: 113.3 MB.

Unloading 40 unused Assets to reduce memory usage. Loaded Objects now: 3075.
Total: 3.323100 ms (FindLiveObjects: 0.215200 ms CreateObjectMapping: 0.072000 ms MarkObjects: 1.786100 ms  DeleteObjects: 1.248900 ms)

========================================================================
Received Prepare
Registering precompiled user dll's ...
Registered in 0.001171 seconds.
Begin MonoManager ReloadAssembly
Native extension for WindowsStandalone target not found
Refreshing native plugins compatible for Editor in 0.38 ms, found 0 plugins.
Preloading 0 native plugins for Editor in 0.00 ms.
Mono: successfully reloaded assembly
- Completed reload, in  0.799 seconds
Platform modules already initialized, skipping
Shader 'Universal Render Pipeline/Particles/Lit': fallback shader 'Universal Render Pipeline/Particles/SimpleLit' not found
Shader 'Universal Render Pipeline/Particles/Lit': fallback shader 'Universal Render Pipeline/Particles/SimpleLit' not found
Refreshing native plugins compatible for Editor in 0.41 ms, found 0 plugins.
Preloading 0 native plugins for Editor in 0.00 ms.
Unloading 2350 Unused Serialized files (Serialized files now loaded: 0)
System memory in use before: 116.0 MB.
System memory in use after: 113.2 MB.

Unloading 40 unused Assets to reduce memory usage. Loaded Objects now: 3078.
Total: 3.492300 ms (FindLiveObjects: 0.220000 ms CreateObjectMapping: 0.069900 ms MarkObjects: 1.877800 ms  DeleteObjects: 1.324000 ms)

========================================================================
Received Prepare
Registering precompiled user dll's ...
Registered in 0.001178 seconds.
Begin MonoManager ReloadAssembly
Native extension for WindowsStandalone target not found
Refreshing native plugins compatible for Editor in 0.44 ms, found 0 plugins.
Preloading 0 native plugins for Editor in 0.00 ms.
Mono: successfully reloaded assembly
- Completed reload, in  0.811 seconds
Platform modules already initialized, skipping
Shader 'Universal Render Pipeline/Particles/Lit': fallback shader 'Universal Render Pipeline/Particles/SimpleLit' not found
Shader 'Universal Render Pipeline/Particles/Lit': fallback shader 'Universal Render Pipeline/Particles/SimpleLit' not found
Refreshing native plugins compatible for Editor in 0.34 ms, found 0 plugins.
Preloading 0 native plugins for Editor in 0.00 ms.
Unloading 2350 Unused Serialized files (Serialized files now loaded: 0)
System memory in use before: 116.1 MB.
System memory in use after: 113.3 MB.

Unloading 40 unused Assets to reduce memory usage. Loaded Objects now: 3081.
Total: 3.518800 ms (FindLiveObjects: 0.232200 ms CreateObjectMapping: 0.073400 ms MarkObjects: 1.832200 ms  DeleteObjects: 1.380000 ms)

========================================================================
Received Prepare
Registering precompiled user dll's ...
Registered in 0.001232 seconds.
Begin MonoManager ReloadAssembly
Native extension for WindowsStandalone target not found
Refreshing native plugins compatible for Editor in 0.35 ms, found 0 plugins.
Preloading 0 native plugins for Editor in 0.00 ms.
Mono: successfully reloaded assembly
- Completed reload, in  0.786 seconds
Platform modules already initialized, skipping
Shader 'Universal Render Pipeline/Particles/Lit': fallback shader 'Universal Render Pipeline/Particles/SimpleLit' not found
Shader 'Universal Render Pipeline/Particles/Lit': fallback shader 'Universal Render Pipeline/Particles/SimpleLit' not found
Refreshing native plugins compatible for Editor in 0.35 ms, found 0 plugins.
Preloading 0 native plugins for Editor in 0.00 ms.
Unloading 2350 Unused Serialized files (Serialized files now loaded: 0)
System memory in use before: 116.1 MB.
System memory in use after: 113.3 MB.

Unloading 40 unused Assets to reduce memory usage. Loaded Objects now: 3084.
Total: 3.434600 ms (FindLiveObjects: 0.225300 ms CreateObjectMapping: 0.075300 ms MarkObjects: 1.872200 ms  DeleteObjects: 1.260900 ms)

========================================================================
Received Prepare
Registering precompiled user dll's ...
Registered in 0.001159 seconds.
Begin MonoManager ReloadAssembly
Native extension for WindowsStandalone target not found
Refreshing native plugins compatible for Editor in 0.34 ms, found 0 plugins.
Preloading 0 native plugins for Editor in 0.00 ms.
Mono: successfully reloaded assembly
- Completed reload, in  0.844 seconds
Platform modules already initialized, skipping
Shader 'Universal Render Pipeline/Particles/Lit': fallback shader 'Universal Render Pipeline/Particles/SimpleLit' not found
Shader 'Universal Render Pipeline/Particles/Lit': fallback shader 'Universal Render Pipeline/Particles/SimpleLit' not found
Refreshing native plugins compatible for Editor in 0.41 ms, found 0 plugins.
Preloading 0 native plugins for Editor in 0.00 ms.
Unloading 2350 Unused Serialized files (Serialized files now loaded: 0)
System memory in use before: 116.1 MB.
System memory in use after: 113.4 MB.

Unloading 40 unused Assets to reduce memory usage. Loaded Objects now: 3087.
Total: 3.458000 ms (FindLiveObjects: 0.219100 ms CreateObjectMapping: 0.071600 ms MarkObjects: 1.836000 ms  DeleteObjects: 1.330600 ms)

========================================================================
Received Prepare
Registering precompiled user dll's ...
Registered in 0.001194 seconds.
Begin MonoManager ReloadAssembly
Native extension for WindowsStandalone target not found
Refreshing native plugins compatible for Editor in 0.40 ms, found 0 plugins.
Preloading 0 native plugins for Editor in 0.00 ms.
Mono: successfully reloaded assembly
- Completed reload, in  0.802 seconds
Platform modules already initialized, skipping
Shader 'Universal Render Pipeline/Particles/Lit': fallback shader 'Universal Render Pipeline/Particles/SimpleLit' not found
Shader 'Universal Render Pipeline/Particles/Lit': fallback shader 'Universal Render Pipeline/Particles/SimpleLit' not found
Refreshing native plugins compatible for Editor in 0.40 ms, found 0 plugins.
Preloading 0 native plugins for Editor in 0.00 ms.
Unloading 2350 Unused Serialized files (Serialized files now loaded: 0)
System memory in use before: 116.1 MB.
System memory in use after: 113.4 MB.

Unloading 40 unused Assets to reduce memory usage. Loaded Objects now: 3090.
Total: 3.344300 ms (FindLiveObjects: 0.211500 ms CreateObjectMapping: 0.083100 ms MarkObjects: 1.757000 ms  DeleteObjects: 1.291800 ms)

========================================================================
Received Prepare
Registering precompiled user dll's ...
Registered in 0.001191 seconds.
Begin MonoManager ReloadAssembly
Native extension for WindowsStandalone target not found
Refreshing native plugins compatible for Editor in 0.34 ms, found 0 plugins.
Preloading 0 native plugins for Editor in 0.00 ms.
Mono: successfully reloaded assembly
- Completed reload, in  0.800 seconds
Platform modules already initialized, skipping
Shader 'Universal Render Pipeline/Particles/Lit': fallback shader 'Universal Render Pipeline/Particles/SimpleLit' not found
Shader 'Universal Render Pipeline/Particles/Lit': fallback shader 'Universal Render Pipeline/Particles/SimpleLit' not found
Refreshing native plugins compatible for Editor in 0.35 ms, found 0 plugins.
Preloading 0 native plugins for Editor in 0.00 ms.
Unloading 2350 Unused Serialized files (Serialized files now loaded: 0)
System memory in use before: 116.1 MB.
System memory in use after: 113.3 MB.

Unloading 40 unused Assets to reduce memory usage. Loaded Objects now: 3093.
Total: 3.428900 ms (FindLiveObjects: 0.248700 ms CreateObjectMapping: 0.093600 ms MarkObjects: 1.802300 ms  DeleteObjects: 1.283500 ms)

========================================================================
Received Prepare
Registering precompiled user dll's ...
Registered in 0.001193 seconds.
Begin MonoManager ReloadAssembly
Native extension for WindowsStandalone target not found
Refreshing native plugins compatible for Editor in 0.34 ms, found 0 plugins.
Preloading 0 native plugins for Editor in 0.00 ms.
Mono: successfully reloaded assembly
- Completed reload, in  0.802 seconds
Platform modules already initialized, skipping
Shader 'Universal Render Pipeline/Particles/Lit': fallback shader 'Universal Render Pipeline/Particles/SimpleLit' not found
Shader 'Universal Render Pipeline/Particles/Lit': fallback shader 'Universal Render Pipeline/Particles/SimpleLit' not found
Refreshing native plugins compatible for Editor in 0.35 ms, found 0 plugins.
Preloading 0 native plugins for Editor in 0.00 ms.
Unloading 2350 Unused Serialized files (Serialized files now loaded: 0)
System memory in use before: 116.2 MB.
System memory in use after: 113.4 MB.

Unloading 40 unused Assets to reduce memory usage. Loaded Objects now: 3096.
Total: 3.372400 ms (FindLiveObjects: 0.242200 ms CreateObjectMapping: 0.073900 ms MarkObjects: 1.762700 ms  DeleteObjects: 1.292900 ms)

========================================================================
Received Prepare
Registering precompiled user dll's ...
Registered in 0.001198 seconds.
Begin MonoManager ReloadAssembly
Native extension for WindowsStandalone target not found
Refreshing native plugins compatible for Editor in 0.36 ms, found 0 plugins.
Preloading 0 native plugins for Editor in 0.00 ms.
Mono: successfully reloaded assembly
- Completed reload, in  0.792 seconds
Platform modules already initialized, skipping
Shader 'Universal Render Pipeline/Particles/Lit': fallback shader 'Universal Render Pipeline/Particles/SimpleLit' not found
Shader 'Universal Render Pipeline/Particles/Lit': fallback shader 'Universal Render Pipeline/Particles/SimpleLit' not found
Refreshing native plugins compatible for Editor in 0.36 ms, found 0 plugins.
Preloading 0 native plugins for Editor in 0.00 ms.
Unloading 2350 Unused Serialized files (Serialized files now loaded: 0)
System memory in use before: 116.1 MB.
System memory in use after: 113.4 MB.

Unloading 40 unused Assets to reduce memory usage. Loaded Objects now: 3099.
Total: 3.475100 ms (FindLiveObjects: 0.238100 ms CreateObjectMapping: 0.080100 ms MarkObjects: 1.855300 ms  DeleteObjects: 1.300600 ms)

========================================================================
Received Import Request.
  Time since last request: 1814.181206 seconds.
  path: ProjectSettings/TagManager.asset
  artifactKey: Guid(00000000000000003000000000000000) Importer(815301076,1909f56bfc062723c751e8b465ee728b)
Start importing ProjectSettings/TagManager.asset using Guid(00000000000000003000000000000000) Importer(815301076,1909f56bfc062723c751e8b465ee728b)  -> (artifact id: '9b27b2510bd4c8279afe8a6bb55243ab') in 0.036125 seconds
  Import took 0.039418 seconds .

========================================================================
Received Prepare
Registering precompiled user dll's ...
Registered in 0.001171 seconds.
Begin MonoManager ReloadAssembly
Native extension for WindowsStandalone target not found
Refreshing native plugins compatible for Editor in 0.35 ms, found 0 plugins.
Preloading 0 native plugins for Editor in 0.00 ms.
Mono: successfully reloaded assembly
- Completed reload, in  0.788 seconds
Platform modules already initialized, skipping
Shader 'Universal Render Pipeline/Particles/Lit': fallback shader 'Universal Render Pipeline/Particles/SimpleLit' not found
Shader 'Universal Render Pipeline/Particles/Lit': fallback shader 'Universal Render Pipeline/Particles/SimpleLit' not found
Refreshing native plugins compatible for Editor in 0.37 ms, found 0 plugins.
Preloading 0 native plugins for Editor in 0.00 ms.
Unloading 2350 Unused Serialized files (Serialized files now loaded: 0)
System memory in use before: 116.1 MB.
System memory in use after: 113.4 MB.

Unloading 41 unused Assets to reduce memory usage. Loaded Objects now: 3102.
Total: 3.446500 ms (FindLiveObjects: 0.229200 ms CreateObjectMapping: 0.075300 ms MarkObjects: 1.815900 ms  DeleteObjects: 1.325000 ms)

========================================================================
Received Import Request.
  Time since last request: 11.709395 seconds.
  path: Assets/Assets/Prefabs/Enemy.prefab
  artifactKey: Guid(db467d887fb247446b0403d887a4f653) Importer(815301076,1909f56bfc062723c751e8b465ee728b)
Start importing Assets/Assets/Prefabs/Enemy.prefab using Guid(db467d887fb247446b0403d887a4f653) Importer(815301076,1909f56bfc062723c751e8b465ee728b)  -> (artifact id: '9f6a64aa4f8b2f96c009675e596687b4') in 0.134589 seconds
  Import took 0.137757 seconds .

========================================================================
Received Prepare
Registering precompiled user dll's ...
Registered in 0.001735 seconds.
Begin MonoManager ReloadAssembly
Native extension for WindowsStandalone target not found
Refreshing native plugins compatible for Editor in 0.42 ms, found 0 plugins.
Preloading 0 native plugins for Editor in 0.00 ms.
Mono: successfully reloaded assembly
- Completed reload, in  0.838 seconds
Platform modules already initialized, skipping
Shader 'Universal Render Pipeline/Particles/Lit': fallback shader 'Universal Render Pipeline/Particles/SimpleLit' not found
Shader 'Universal Render Pipeline/Particles/Lit': fallback shader 'Universal Render Pipeline/Particles/SimpleLit' not found
Refreshing native plugins compatible for Editor in 0.60 ms, found 0 plugins.
Preloading 0 native plugins for Editor in 0.00 ms.
Unloading 2350 Unused Serialized files (Serialized files now loaded: 0)
System memory in use before: 116.3 MB.
System memory in use after: 113.5 MB.

Unloading 40 unused Assets to reduce memory usage. Loaded Objects now: 3141.
Total: 3.748200 ms (FindLiveObjects: 0.246800 ms CreateObjectMapping: 0.103700 ms MarkObjects: 1.804100 ms  DeleteObjects: 1.592200 ms)

========================================================================
Received Prepare
Registering precompiled user dll's ...
Registered in 0.001256 seconds.
Begin MonoManager ReloadAssembly
Native extension for WindowsStandalone target not found
Refreshing native plugins compatible for Editor in 0.36 ms, found 0 plugins.
Preloading 0 native plugins for Editor in 0.00 ms.
Mono: successfully reloaded assembly
- Completed reload, in  0.834 seconds
Platform modules already initialized, skipping
Shader 'Universal Render Pipeline/Particles/Lit': fallback shader 'Universal Render Pipeline/Particles/SimpleLit' not found
Shader 'Universal Render Pipeline/Particles/Lit': fallback shader 'Universal Render Pipeline/Particles/SimpleLit' not found
Refreshing native plugins compatible for Editor in 0.36 ms, found 0 plugins.
Preloading 0 native plugins for Editor in 0.00 ms.
Unloading 2350 Unused Serialized files (Serialized files now loaded: 0)
System memory in use before: 116.2 MB.
System memory in use after: 113.4 MB.

Unloading 40 unused Assets to reduce memory usage. Loaded Objects now: 3144.
Total: 3.709000 ms (FindLiveObjects: 0.246800 ms CreateObjectMapping: 0.112900 ms MarkObjects: 1.849600 ms  DeleteObjects: 1.498800 ms)

========================================================================
Received Prepare
Registering precompiled user dll's ...
Registered in 0.001239 seconds.
Begin MonoManager ReloadAssembly
Native extension for WindowsStandalone target not found
Refreshing native plugins compatible for Editor in 0.37 ms, found 0 plugins.
Preloading 0 native plugins for Editor in 0.00 ms.
Mono: successfully reloaded assembly
- Completed reload, in  0.849 seconds
Platform modules already initialized, skipping
Shader 'Universal Render Pipeline/Particles/Lit': fallback shader 'Universal Render Pipeline/Particles/SimpleLit' not found
Shader 'Universal Render Pipeline/Particles/Lit': fallback shader 'Universal Render Pipeline/Particles/SimpleLit' not found
Refreshing native plugins compatible for Editor in 0.36 ms, found 0 plugins.
Preloading 0 native plugins for Editor in 0.00 ms.
Unloading 2350 Unused Serialized files (Serialized files now loaded: 0)
System memory in use before: 116.3 MB.
System memory in use after: 113.5 MB.

Unloading 40 unused Assets to reduce memory usage. Loaded Objects now: 3147.
Total: 3.780700 ms (FindLiveObjects: 0.302900 ms CreateObjectMapping: 0.116200 ms MarkObjects: 1.986500 ms  DeleteObjects: 1.374200 ms)

========================================================================
Received Import Request.
  Time since last request: 240.138196 seconds.
  path: Assets/Assets/Scripts/EnemySpawner.cs
  artifactKey: Guid(618806a4dfda07f459e6aefd1a78044f) Importer(815301076,1909f56bfc062723c751e8b465ee728b)
Start importing Assets/Assets/Scripts/EnemySpawner.cs using Guid(618806a4dfda07f459e6aefd1a78044f) Importer(815301076,1909f56bfc062723c751e8b465ee728b)  -> (artifact id: '7e1396a9e0064d14bd7e785035ca119b') in 0.003838 seconds
  Import took 0.006969 seconds .

========================================================================
Received Prepare
Registering precompiled user dll's ...
Registered in 0.001137 seconds.
Begin MonoManager ReloadAssembly
Native extension for WindowsStandalone target not found
Refreshing native plugins compatible for Editor in 0.35 ms, found 0 plugins.
Preloading 0 native plugins for Editor in 0.00 ms.
Mono: successfully reloaded assembly
- Completed reload, in  0.797 seconds
Platform modules already initialized, skipping
Shader 'Universal Render Pipeline/Particles/Lit': fallback shader 'Universal Render Pipeline/Particles/SimpleLit' not found
Shader 'Universal Render Pipeline/Particles/Lit': fallback shader 'Universal Render Pipeline/Particles/SimpleLit' not found
Refreshing native plugins compatible for Editor in 0.35 ms, found 0 plugins.
Preloading 0 native plugins for Editor in 0.00 ms.
Unloading 2350 Unused Serialized files (Serialized files now loaded: 0)
System memory in use before: 116.3 MB.
System memory in use after: 113.5 MB.

Unloading 40 unused Assets to reduce memory usage. Loaded Objects now: 3150.
Total: 3.698900 ms (FindLiveObjects: 0.265600 ms CreateObjectMapping: 0.077500 ms MarkObjects: 2.012000 ms  DeleteObjects: 1.343000 ms)

========================================================================
Received Import Request.
  Time since last request: 55.349869 seconds.
  path: Assets/Assets/Scripts/EnemySpawner.cs
  artifactKey: Guid(618806a4dfda07f459e6aefd1a78044f) Importer(815301076,1909f56bfc062723c751e8b465ee728b)
Start importing Assets/Assets/Scripts/EnemySpawner.cs using Guid(618806a4dfda07f459e6aefd1a78044f) Importer(815301076,1909f56bfc062723c751e8b465ee728b)  -> (artifact id: '702cb39b3d4035c3e0b8e91334716531') in 0.003581 seconds
  Import took 0.006489 seconds .

========================================================================
Received Prepare
Registering precompiled user dll's ...
Registered in 0.001166 seconds.
Begin MonoManager ReloadAssembly
Native extension for WindowsStandalone target not found
Refreshing native plugins compatible for Editor in 0.34 ms, found 0 plugins.
Preloading 0 native plugins for Editor in 0.00 ms.
Mono: successfully reloaded assembly
- Completed reload, in  0.811 seconds
Platform modules already initialized, skipping
Shader 'Universal Render Pipeline/Particles/Lit': fallback shader 'Universal Render Pipeline/Particles/SimpleLit' not found
Shader 'Universal Render Pipeline/Particles/Lit': fallback shader 'Universal Render Pipeline/Particles/SimpleLit' not found
Refreshing native plugins compatible for Editor in 0.36 ms, found 0 plugins.
Preloading 0 native plugins for Editor in 0.00 ms.
Unloading 2350 Unused Serialized files (Serialized files now loaded: 0)
System memory in use before: 116.3 MB.
System memory in use after: 113.5 MB.

Unloading 40 unused Assets to reduce memory usage. Loaded Objects now: 3153.
Total: 3.574800 ms (FindLiveObjects: 0.244400 ms CreateObjectMapping: 0.085200 ms MarkObjects: 1.791100 ms  DeleteObjects: 1.452900 ms)

========================================================================
Received Prepare
Registering precompiled user dll's ...
Registered in 0.001147 seconds.
Begin MonoManager ReloadAssembly
Native extension for WindowsStandalone target not found
Refreshing native plugins compatible for Editor in 0.35 ms, found 0 plugins.
Preloading 0 native plugins for Editor in 0.00 ms.
Mono: successfully reloaded assembly
- Completed reload, in  0.798 seconds
Platform modules already initialized, skipping
Shader 'Universal Render Pipeline/Particles/Lit': fallback shader 'Universal Render Pipeline/Particles/SimpleLit' not found
Shader 'Universal Render Pipeline/Particles/Lit': fallback shader 'Universal Render Pipeline/Particles/SimpleLit' not found
Refreshing native plugins compatible for Editor in 0.34 ms, found 0 plugins.
Preloading 0 native plugins for Editor in 0.00 ms.
Unloading 2350 Unused Serialized files (Serialized files now loaded: 0)
System memory in use before: 116.2 MB.
System memory in use after: 113.5 MB.

Unloading 40 unused Assets to reduce memory usage. Loaded Objects now: 3156.
Total: 3.438400 ms (FindLiveObjects: 0.242800 ms CreateObjectMapping: 0.075000 ms MarkObjects: 1.829300 ms  DeleteObjects: 1.290500 ms)

========================================================================
Received Prepare
Registering precompiled user dll's ...
Registered in 0.001276 seconds.
Begin MonoManager ReloadAssembly
Native extension for WindowsStandalone target not found
Refreshing native plugins compatible for Editor in 0.35 ms, found 0 plugins.
Preloading 0 native plugins for Editor in 0.00 ms.
Mono: successfully reloaded assembly
- Completed reload, in  0.762 seconds
Platform modules already initialized, skipping
Shader 'Universal Render Pipeline/Particles/Lit': fallback shader 'Universal Render Pipeline/Particles/SimpleLit' not found
Shader 'Universal Render Pipeline/Particles/Lit': fallback shader 'Universal Render Pipeline/Particles/SimpleLit' not found
Refreshing native plugins compatible for Editor in 0.35 ms, found 0 plugins.
Preloading 0 native plugins for Editor in 0.00 ms.
Unloading 2350 Unused Serialized files (Serialized files now loaded: 0)
System memory in use before: 116.2 MB.
System memory in use after: 113.5 MB.

Unloading 40 unused Assets to reduce memory usage. Loaded Objects now: 3159.
Total: 3.714500 ms (FindLiveObjects: 0.293300 ms CreateObjectMapping: 0.101500 ms MarkObjects: 1.991500 ms  DeleteObjects: 1.327500 ms)

========================================================================
Received Prepare
Registering precompiled user dll's ...
Registered in 0.001293 seconds.
Begin MonoManager ReloadAssembly
Native extension for WindowsStandalone target not found
Refreshing native plugins compatible for Editor in 0.36 ms, found 0 plugins.
Preloading 0 native plugins for Editor in 0.00 ms.
Mono: successfully reloaded assembly
- Completed reload, in  0.825 seconds
Platform modules already initialized, skipping
Shader 'Universal Render Pipeline/Particles/Lit': fallback shader 'Universal Render Pipeline/Particles/SimpleLit' not found
Shader 'Universal Render Pipeline/Particles/Lit': fallback shader 'Universal Render Pipeline/Particles/SimpleLit' not found
Refreshing native plugins compatible for Editor in 0.37 ms, found 0 plugins.
Preloading 0 native plugins for Editor in 0.00 ms.
Unloading 2350 Unused Serialized files (Serialized files now loaded: 0)
System memory in use before: 116.3 MB.
System memory in use after: 113.6 MB.

Unloading 40 unused Assets to reduce memory usage. Loaded Objects now: 3162.
Total: 3.514700 ms (FindLiveObjects: 0.302100 ms CreateObjectMapping: 0.102800 ms MarkObjects: 1.796000 ms  DeleteObjects: 1.312500 ms)

========================================================================
Received Prepare
Shader 'Universal Render Pipeline/Particles/Lit': fallback shader 'Universal Render Pipeline/Particles/SimpleLit' not found
Shader 'Universal Render Pipeline/Particles/Lit': fallback shader 'Universal Render Pipeline/Particles/SimpleLit' not found
Refreshing native plugins compatible for Editor in 0.94 ms, found 0 plugins.
Preloading 0 native plugins for Editor in 0.00 ms.
Unloading 38 Unused Serialized files (Serialized files now loaded: 0)
System memory in use before: 70.7 MB.
System memory in use after: 67.9 MB.

Unloading 38 unused Assets to reduce memory usage. Loaded Objects now: 3162.
Total: 3.520900 ms (FindLiveObjects: 0.266400 ms CreateObjectMapping: 0.099100 ms MarkObjects: 1.826300 ms  DeleteObjects: 1.328500 ms)

AssetImportWorkerClient::OnTransportError - code=2 error=End of file
